Alternative 1 Catch
     Dover 
Equil_Fabc 2.47642 
Year 
2023 0.0599999 
2024 0.077 
2025 0.0688 
2026 0.083 
2027 0.083 
2028 0.083 
2029 6.3053 
2030 5.60593 
2031 5.01251 
2032 4.5131 
2033 4.0967 
2034 3.75232 
2035 3.46855 
2036 3.23782 
2037 3.04953 
2038 2.89635 
2039 2.77224 

Alternative 1 ABCs
     Dover 

Year 
2023 7.06424 
2024 6.97299 
2025 6.86609 
2026 6.74299 
2027 6.60434 
2028 6.45698 
2029 6.3053 
2030 5.60593 
2031 5.01251 
2032 4.5131 
2033 4.0967 
2034 3.75232 
2035 3.46855 
2036 3.23782 
2037 3.04953 
2038 2.89635 
2039 2.77224 

Alternative 1 TACs
     Dover 

Year 
2023  NA 
2024  NA 
2025  NA 
2026  NA 
2027  NA 
2028  NA 
2029 6.3053 
2030 5.60593 
2031 5.01251 
2032 4.5131 
2033 4.0967 
2034 3.75232 
2035 3.46855 
2036 3.23782 
2037 3.04953 
2038 2.89635 
2039 2.77224 

Alternative 1 Sp_Biomass
     Dover 
Equil_Fabc 6.38725 
Year 
2023 25.6419 
2024 24.9529 
2025 24.3974 
2026 23.9642 
2027 23.6164 
2028 23.3231 
2029 23.045 
2030 20.6588 
2031 18.544 
2032 16.6664 
2033 15.0102 
2034 13.5633 
2035 12.3123 
2036 11.2466 
2037 10.3452 
2038 9.59213 
2039 8.97015 

Alternative 1 Fishing Mortality
     Dover 
Equil_Fabc 0.123924 
Year 
2023 0.00100434 
2024 0.00130596 
2025 0.00118495 
2026 0.00145593 
2027 0.00148728 
2028 0.00152287 
2029 0.123924 
2030 0.123924 
2031 0.123924 
2032 0.123924 
2033 0.123924 
2034 0.123924 
2035 0.123924 
2036 0.123924 
2037 0.123924 
2038 0.123924 
2039 0.123865 

Alternative 1 Biomass
     Dover 

Year 
2023 88.3286 
2024 86.2299 
2025 84.1558 
2026 82.0478 
2027 80.0443 
2028 78.2666 
2029 76.3804 
2030 68.9114 
2031 62.8436 
2032 57.6237 
2033 53.3729 
2034 49.9876 
2035 47.068 
2036 44.9915 
2037 42.9451 
2038 41.3615 
2039 40.3637 

Alternative 1 Implied SPR rate 
     Dover 
Equil_Fabc 0.4 
Year 
2023 0.990191 
2024 0.987275 
2025 0.988443 
2026 0.985831 
2027 0.985529 
2028 0.985188 
2029 0.4 
2030 0.4 
2031 0.4 
2032 0.4 
2033 0.4 
2034 0.4 
2035 0.4 
2036 0.4 
2037 0.4 
2038 0.4 
2039 0.400138 

  Dover 
EquilAvgAgeF0  8.25167 
EquilAvgAgeFabc  5.58944 
AvgAgeYr2039 158.86 
Alternative 2 Catch
     Dover 
Equil_Fabc 2.47642 
Year 
2023 0.0599999 
2024 0.077 
2025 0.0688 
2026 0.083 
2027 0.083 
2028 0.083 
2029 6.3053 
2030 5.60593 
2031 5.01251 
2032 4.5131 
2033 4.0967 
2034 3.75232 
2035 3.46855 
2036 3.23782 
2037 3.04953 
2038 2.89635 
2039 2.77224 

Alternative 2 ABCs
     Dover 

Year 
2023 7.06424 
2024 6.97299 
2025 6.86609 
2026 6.74299 
2027 6.60434 
2028 6.45698 
2029 6.3053 
2030 5.60593 
2031 5.01251 
2032 4.5131 
2033 4.0967 
2034 3.75232 
2035 3.46855 
2036 3.23782 
2037 3.04953 
2038 2.89635 
2039 2.77224 

Alternative 2 TACs
     Dover 

Year 
2023  NA 
2024  NA 
2025  NA 
2026  NA 
2027  NA 
2028  NA 
2029 6.3053 
2030 5.60593 
2031 5.01251 
2032 4.5131 
2033 4.0967 
2034 3.75232 
2035 3.46855 
2036 3.23782 
2037 3.04953 
2038 2.89635 
2039 2.77224 

Alternative 2 Sp_Biomass
     Dover 
Equil_Fabc 6.38725 
Year 
2023 25.6419 
2024 24.9529 
2025 24.3974 
2026 23.9642 
2027 23.6164 
2028 23.3231 
2029 23.045 
2030 20.6588 
2031 18.544 
2032 16.6664 
2033 15.0102 
2034 13.5633 
2035 12.3123 
2036 11.2466 
2037 10.3452 
2038 9.59213 
2039 8.97015 

Alternative 2 Fishing Mortality
     Dover 
Equil_Fabc 0.123924 
Year 
2023 0.00100434 
2024 0.00130596 
2025 0.00118495 
2026 0.00145593 
2027 0.00148728 
2028 0.00152287 
2029 0.123924 
2030 0.123924 
2031 0.123924 
2032 0.123924 
2033 0.123924 
2034 0.123924 
2035 0.123924 
2036 0.123924 
2037 0.123924 
2038 0.123924 
2039 0.123865 

Alternative 2 Biomass
     Dover 

Year 
2023 88.3286 
2024 86.2299 
2025 84.1558 
2026 82.0478 
2027 80.0443 
2028 78.2666 
2029 76.3804 
2030 68.9114 
2031 62.8436 
2032 57.6237 
2033 53.3729 
2034 49.9876 
2035 47.068 
2036 44.9915 
2037 42.9451 
2038 41.3615 
2039 40.3637 

Alternative 2 Implied SPR rate 
     Dover 
Equil_Fabc 0.4 
Year 
2023 0.990191 
2024 0.987275 
2025 0.988443 
2026 0.985831 
2027 0.985529 
2028 0.985188 
2029 0.4 
2030 0.4 
2031 0.4 
2032 0.4 
2033 0.4 
2034 0.4 
2035 0.4 
2036 0.4 
2037 0.4 
2038 0.4 
2039 0.400138 

  Dover 
EquilAvgAgeF0  8.25167 
EquilAvgAgeFabc  5.58944 
AvgAgeYr2039 158.86 
Alternative 3 Catch
     Dover 
Equil_Fabc 2.47642 
Year 
2023 0.0599999 
2024 0.077 
2025 0.0688 
2026 0.083 
2027 0.083 
2028 0.083 
2029 0.0739578 
2030 0.0721958 
2031 0.0704829 
2032 0.0688346 
2033 0.0672724 
2034 0.0658089 
2035 0.064439 
2036 0.0631873 
2037 0.0620295 
2038 0.0609643 
2039 0.0599992 

Alternative 3 ABCs
     Dover 

Year 
2023 7.06424 
2024 6.97299 
2025 6.86609 
2026 6.74299 
2027 6.60434 
2028 6.45698 
2029 6.3053 
2030 6.15475 
2031 6.00868 
2032 5.86831 
2033 5.73541 
2034 5.61102 
2035 5.49465 
2036 5.38844 
2037 5.29022 
2038 5.19985 
2039 5.11802 

Alternative 3 TACs
     Dover 

Year 
2023  NA 
2024  NA 
2025  NA 
2026  NA 
2027  NA 
2028  NA 
2029 0.0739578 
2030 0.0721958 
2031 0.0704829 
2032 0.0688346 
2033 0.0672724 
2034 0.0658089 
2035 0.064439 
2036 0.0631873 
2037 0.0620295 
2038 0.0609643 
2039 0.0599992 

Alternative 3 Sp_Biomass
     Dover 
Equil_Fabc 6.38725 
Year 
2023 25.6419 
2024 24.9529 
2025 24.3974 
2026 23.9642 
2027 23.6164 
2028 23.3231 
2029 23.045 
2030 22.7543 
2031 22.4297 
2032 22.0613 
2033 21.6553 
2034 21.223 
2035 20.7772 
2036 20.3347 
2037 19.9026 
2038 19.491 
2039 19.1064 

Alternative 3 Fishing Mortality
     Dover 
Equil_Fabc 0.123924 
Year 
2023 0.00100434 
2024 0.00130596 
2025 0.00118495 
2026 0.00145593 
2027 0.00148728 
2028 0.00152287 
2029 0.00138619 
2030 0.00138619 
2031 0.00138619 
2032 0.00138619 
2033 0.00138619 
2034 0.00138619 
2035 0.00138619 
2036 0.00138619 
2037 0.00138619 
2038 0.00138619 
2039 0.00138619 

Alternative 3 Biomass
     Dover 

Year 
2023 88.3286 
2024 86.2299 
2025 84.1558 
2026 82.0478 
2027 80.0443 
2028 78.2666 
2029 76.3804 
2030 74.6409 
2031 73.1585 
2032 71.5618 
2033 70.1346 
2034 68.9158 
2035 67.6298 
2036 66.7584 
2037 65.5784 
2038 64.5954 
2039 63.9914 

Alternative 3 Implied SPR rate 
     Dover 
Equil_Fabc 0.4 
Year 
2023 0.990191 
2024 0.987275 
2025 0.988443 
2026 0.985831 
2027 0.985529 
2028 0.985188 
2029 0.986502 
2030 0.986502 
2031 0.986502 
2032 0.986502 
2033 0.986502 
2034 0.986502 
2035 0.986502 
2036 0.986502 
2037 0.986502 
2038 0.986502 
2039 0.986502 

  Dover 
EquilAvgAgeF0  8.25167 
EquilAvgAgeFabc  5.58944 
AvgAgeYr2039 180.094 
Alternative 4 Catch
     Dover 
Equil_Fabc 2.47642 
Year 
2023 0.0599999 
2024 0.077 
2025 0.0688 
2026 0.083 
2027 0.083 
2028 0.083 
2029 3.16689 
2030 2.95409 
2031 2.76256 
2032 2.59161 
2033 2.44058 
2034 2.30826 
2035 2.19269 
2036 2.09321 
2037 2.00717 
2038 1.933 
2039 1.86974 

Alternative 4 ABCs
     Dover 

Year 
2023 7.06424 
2024 6.97299 
2025 6.86609 
2026 6.74299 
2027 6.60434 
2028 6.45698 
2029 6.3053 
2030 5.88192 
2031 5.50106 
2032 5.16126 
2033 4.86115 
2034 4.59831 
2035 4.36879 
2036 4.17131 
2037 4.0005 
2038 3.85329 
2039 3.72774 

Alternative 4 TACs
     Dover 

Year 
2023  NA 
2024  NA 
2025  NA 
2026  NA 
2027  NA 
2028  NA 
2029 3.16689 
2030 2.95409 
2031 2.76256 
2032 2.59161 
2033 2.44058 
2034 2.30826 
2035 2.19269 
2036 2.09321 
2037 2.00717 
2038 1.933 
2039 1.86974 

Alternative 4 Sp_Biomass
     Dover 
Equil_Fabc 6.38725 
Year 
2023 25.6419 
2024 24.9529 
2025 24.3974 
2026 23.9642 
2027 23.6164 
2028 23.3231 
2029 23.045 
2030 21.713 
2031 20.4508 
2032 19.2488 
2033 18.1126 
2034 17.0513 
2035 16.073 
2036 15.1872 
2037 14.3922 
2038 13.6885 
2039 13.0735 

Alternative 4 Fishing Mortality
     Dover 
Equil_Fabc 0.123924 
Year 
2023 0.00100434 
2024 0.00130596 
2025 0.00118495 
2026 0.00145593 
2027 0.00148728 
2028 0.00152287 
2029 0.0607446 
2030 0.0607446 
2031 0.0607446 
2032 0.0607446 
2033 0.0607446 
2034 0.0607446 
2035 0.0607446 
2036 0.0607446 
2037 0.0607446 
2038 0.0607446 
2039 0.0607446 

Alternative 4 Biomass
     Dover 

Year 
2023 88.3286 
2024 86.2299 
2025 84.1558 
2026 82.0478 
2027 80.0443 
2028 78.2666 
2029 76.3804 
2030 71.7953 
2031 67.9113 
2032 64.3076 
2033 61.2199 
2034 58.6415 
2035 56.2541 
2036 54.5011 
2037 52.6238 
2038 51.0975 
2039 50.0778 

Alternative 4 Implied SPR rate 
     Dover 
Equil_Fabc 0.4 
Year 
2023 0.990191 
2024 0.987275 
2025 0.988443 
2026 0.985831 
2027 0.985529 
2028 0.985188 
2029 0.6 
2030 0.6 
2031 0.6 
2032 0.6 
2033 0.6 
2034 0.6 
2035 0.6 
2036 0.6 
2037 0.6 
2038 0.6 
2039 0.6 

  Dover 
EquilAvgAgeF0  8.25167 
EquilAvgAgeFabc  5.58944 
AvgAgeYr2039 168.937 
Alternative 5 Catch
     Dover 
Equil_Fabc 2.47642 
Year 
2023 0.0599999 
2024 0.077 
2025 0.0688 
2026 0.083 
2027 0.083 
2028 0.083 
2029  NA 
2030  NA 
2031  NA 
2032  NA 
2033  NA 
2034  NA 
2035  NA 
2036  NA 
2037  NA 
2038  NA 
2039  NA 

Alternative 5 ABCs
     Dover 

Year 
2023 7.06424 
2024 6.97299 
2025 6.86609 
2026 6.74299 
2027 6.60434 
2028 6.45698 
2029 6.3053 
2030 6.16128 
2031 6.02114 
2032 5.88609 
2033 5.7579 
2034 5.63766 
2035 5.52491 
2036 5.42183 
2037 5.3263 
2038 5.23823 
2039 5.15835 

Alternative 5 TACs
     Dover 

Year 
2023  NA 
2024  NA 
2025  NA 
2026  NA 
2027  NA 
2028  NA 
2029  NA 
2030  NA 
2031  NA 
2032  NA 
2033  NA 
2034  NA 
2035  NA 
2036  NA 
2037  NA 
2038  NA 
2039  NA 

Alternative 5 Sp_Biomass
     Dover 
Equil_Fabc 6.38725 
Year 
2023 25.6419 
2024 24.9529 
2025 24.3974 
2026 23.9642 
2027 23.6164 
2028 23.3231 
2029 23.045 
2030 22.7792 
2031 22.4782 
2032 22.132 
2033 21.7464 
2034 21.3326 
2035 20.9036 
2036 20.4759 
2037 20.0569 
2038 19.6565 
2039 19.2817 

Alternative 5 Fishing Mortality
     Dover 
Equil_Fabc 0.123924 
Year 
2023 0.00100434 
2024 0.00130596 
2025 0.00118495 
2026 0.00145593 
2027 0.00148728 
2028 0.00152287 
2029  NA 
2030  NA 
2031  NA 
2032  NA 
2033  NA 
2034  NA 
2035  NA 
2036  NA 
2037  NA 
2038  NA 
2039  NA 

Alternative 5 Biomass
     Dover 

Year 
2023 88.3286 
2024 86.2299 
2025 84.1558 
2026 82.0478 
2027 80.0443 
2028 78.2666 
2029 76.3804 
2030 74.709 
2031 73.2871 
2032 71.7437 
2033 70.3632 
2034 69.1851 
2035 67.9342 
2036 67.0931 
2037 65.9389 
2038 64.9778 
2039 64.3924 

Alternative 5 Implied SPR rate 
     Dover 
Equil_Fabc 0.4 
Year 
2023 0.990191 
2024 0.987275 
2025 0.988443 
2026 0.985831 
2027 0.985529 
2028 0.985188 
2029 1 
2030 1 
2031 1 
2032 1 
2033 1 
2034 1 
2035 1 
2036 1 
2037 1 
2038 1 
2039 1 

  Dover 
EquilAvgAgeF0  8.25167 
EquilAvgAgeFabc  5.58944 
AvgAgeYr2039 180.375 
Alternative 6 Catch
     Dover 
Equil_Fabc 2.47642 
Year 
2023 0.0599999 
2024 8.26747 
2025 7.29596 
2026 6.46215 
2027 5.74879 
2028 5.14455 
2029 4.63774 
2030 4.21763 
2031 3.87366 
2032 3.59339 
2033 3.36667 
2034 3.18438 
2035 3.03632 
2036 2.90195 
2037 2.7739 
2038 2.66023 
2039 2.57106 

Alternative 6 ABCs
     Dover 

Year 
2023 7.06424 
2024 6.97299 
2025 6.15324 
2026 5.44975 
2027 4.84786 
2028 4.338 
2029 3.91029 
2030 3.55569 
2031 3.26532 
2032 3.0287 
2033 2.83727 
2034 2.68335 
2035 2.55832 
2036 2.44476 
2037 2.33648 
2038 2.24035 
2039 2.16494 

Alternative 6 TACs
     Dover 

Year 
2023  NA 
2024 8.26747 
2025 7.29596 
2026 6.46215 
2027 5.74879 
2028 5.14455 
2029 4.63774 
2030 4.21763 
2031 3.87366 
2032 3.59339 
2033 3.36667 
2034 3.18438 
2035 3.03632 
2036 2.90195 
2037 2.7739 
2038 2.66023 
2039 2.57106 

Alternative 6 Sp_Biomass
     Dover 
Equil_Fabc 6.38725 
Year 
2023 25.6419 
2024 24.9529 
2025 21.7172 
2026 19.0862 
2027 16.9273 
2028 15.1318 
2029 13.6121 
2030 12.3085 
2031 11.1826 
2032 10.2077 
2033 9.37036 
2034 8.65923 
2035 8.06151 
2036 7.56864 
2037 7.16837 
2038 6.85363 
2039 6.6137 

Alternative 6 Fishing Mortality
     Dover 
Equil_Fabc 0.123924 
Year 
2023 0.00100434 
2024 0.148283 
2025 0.148283 
2026 0.148283 
2027 0.148283 
2028 0.148283 
2029 0.148283 
2030 0.148283 
2031 0.148283 
2032 0.148283 
2033 0.148283 
2034 0.148283 
2035 0.148198 
2036 0.146784 
2037 0.144036 
2038 0.140822 
2039 0.13804 

Alternative 6 Biomass
     Dover 

Year 
2023 88.3286 
2024 86.2299 
2025 76.6189 
2026 68.5145 
2027 61.8325 
2028 56.4685 
2029 51.9001 
2030 48.2085 
2031 45.3661 
2032 42.876 
2033 40.9171 
2034 39.4419 
2035 38.104 
2036 37.3307 
2037 36.3685 
2038 35.7031 
2039 35.4925 

Alternative 6 Implied SPR rate 
     Dover 
Equil_Fabc 0.4 
Year 
2023 0.990191 
2024 0.35 
2025 0.35 
2026 0.35 
2027 0.35 
2028 0.35 
2029 0.35 
2030 0.35 
2031 0.35 
2032 0.35 
2033 0.35 
2034 0.35 
2035 0.35016 
2036 0.352933 
2037 0.358541 
2038 0.365323 
2039 0.371395 

  Dover 
EquilAvgAgeF0  8.25167 
EquilAvgAgeFabc  5.58944 
AvgAgeYr2039 137.125 
Alternative 7 Catch
     Dover 
Equil_Fabc 2.47642 
Year 
2023 0.0599999 
2024 6.97298 
2025 6.26551 
2026 6.69144 
2027 5.93788 
2028 5.29914 
2029 4.76308 
2030 4.31845 
2031 3.95421 
2032 3.65735 
2033 3.41718 
2034 3.22409 
2035 3.06817 
2036 2.93113 
2037 2.80017 
2038 2.68207 
2039 2.58781 

Alternative 7 ABCs
     Dover 

Year 
2023 7.06424 
2024 6.97299 
2025 6.26551 
2026 5.64328 
2027 5.00748 
2028 4.46851 
2029 4.01611 
2030 3.64083 
2031 3.33334 
2032 3.08271 
2033 2.87994 
2034 2.7169 
2035 2.58523 
2036 2.46943 
2037 2.3587 
2038 2.25882 
2039 2.17911 

Alternative 7 TACs
     Dover 

Year 
2023  NA 
2024 8.26747 
2025 7.42898 
2026 6.69145 
2027 5.93788 
2028 5.29914 
2029 4.76308 
2030 4.31845 
2031 3.95421 
2032 3.65735 
2033 3.41718 
2034 3.22409 
2035 3.06817 
2036 2.93113 
2037 2.80017 
2038 2.68207 
2039 2.58781 

Alternative 7 Sp_Biomass
     Dover 
Equil_Fabc 6.38725 
Year 
2023 25.6419 
2024 24.9529 
2025 22.1391 
2026 19.8155 
2027 17.5438 
2028 15.6523 
2029 14.0504 
2030 12.6758 
2031 11.4883 
2032 10.4602 
2033 9.57712 
2034 8.82711 
2035 8.19671 
2036 7.67645 
2037 7.25247 
2038 6.91774 
2039 6.66161 

Alternative 7 Fishing Mortality
     Dover 
Equil_Fabc 0.123924 
Year 
2023 0.00100434 
2024 0.123924 
2025 0.123924 
2026 0.148283 
2027 0.148283 
2028 0.148283 
2029 0.148283 
2030 0.148283 
2031 0.148283 
2032 0.148283 
2033 0.148283 
2034 0.148283 
2035 0.148257 
2036 0.147165 
2037 0.144624 
2038 0.141433 
2039 0.138561 

Alternative 7 Biomass
     Dover 

Year 
2023 88.3286 
2024 86.2299 
2025 77.8086 
2026 70.548 
2027 63.4786 
2028 57.7929 
2029 52.9595 
2030 49.0514 
2031 46.0335 
2032 43.4021 
2033 41.3301 
2034 39.7652 
2035 38.3561 
2036 37.5262 
2037 36.5156 
2038 35.8095 
2039 35.5663 

Alternative 7 Implied SPR rate 
     Dover 
Equil_Fabc 0.4 
Year 
2023 0.990191 
2024 0.4 
2025 0.4 
2026 0.35 
2027 0.35 
2028 0.35 
2029 0.35 
2030 0.35 
2031 0.35 
2032 0.35 
2033 0.35 
2034 0.35 
2035 0.350049 
2036 0.352175 
2037 0.357328 
2038 0.364023 
2039 0.370256 

  Dover 
EquilAvgAgeF0  8.25167 
EquilAvgAgeFabc  5.58944 
AvgAgeYr2039 138.316 
